<?xml version="1.0" encoding="UTF-8"?>
<robot generator="Robot 4.0.1 (Python 3.8.5 on win32)" generated="20210822 07:28:39.358" rpa="false" schemaversion="2">
<suite id="s1" name="ThailandFocus" source="D:\work_SET\ThailandFocus\Automate\ThailandFocus\ThailandFocus.robot">
<test id="s1-t1" name="TestAdminAction_005">
<kw name="Open Web Thailand Focus And Login" library="CommonFunction">
<arg>${user}</arg>
<arg>${password}</arg>
<kw name="Evaluate" library="BuiltIn">
<var>${chrome_options}</var>
<arg>sys.modules['selenium.webdriver'].ChromeOptions()</arg>
<arg>sys, selenium.webdriver</arg>
<doc>Evaluates the given expression in Python and returns the result.</doc>
<msg timestamp="20210822 07:28:41.057" level="INFO">${chrome_options} = &lt;selenium.webdriver.chrome.options.Options object at 0x0E1CFC40&gt;</msg>
<status status="PASS" starttime="20210822 07:28:41.057" endtime="20210822 07:28:41.057"/>
</kw>
<kw name="Call Method" library="BuiltIn">
<arg>${chrome_options}</arg>
<arg>add_argument</arg>
<arg>--ignore-certificate-errors</arg>
<doc>Calls the named method of the given object with the provided arguments.</doc>
<status status="PASS" starttime="20210822 07:28:41.057" endtime="20210822 07:28:41.057"/>
</kw>
<kw name="Create Webdriver" library="Selenium2Library">
<arg>Chrome</arg>
<arg>chrome</arg>
<arg>chrome_options=${chrome_options}</arg>
<doc>Creates an instance of Selenium WebDriver.</doc>
<msg timestamp="20210822 07:28:41.058" level="INFO">Creating an instance of the Chrome WebDriver.</msg>
<status status="PASS" starttime="20210822 07:28:41.058" endtime="20210822 07:28:42.435"/>
</kw>
<kw name="Run Keyword If" library="BuiltIn">
<arg>'${url}' == 'Dev'</arg>
<arg>Go To</arg>
<arg>${urlDev}</arg>
<doc>Runs the given keyword with the given arguments, if ``condition`` is true.</doc>
<kw name="Go To" library="Selenium2Library">
<arg>${urlDev}</arg>
<doc>Navigates the current browser window to the provided ``url``.</doc>
<msg timestamp="20210822 07:28:42.436" level="INFO">Opening url 'https://devmgt.entregis.set.or.th/regis/event'</msg>
<status status="PASS" starttime="20210822 07:28:42.435" endtime="20210822 07:28:43.204"/>
</kw>
<status status="PASS" starttime="20210822 07:28:42.435" endtime="20210822 07:28:43.204"/>
</kw>
<kw name="Run Keyword If" library="BuiltIn">
<arg>'${url}' == 'Uat'</arg>
<arg>Go To</arg>
<arg>${urlUat}</arg>
<doc>Runs the given keyword with the given arguments, if ``condition`` is true.</doc>
<status status="PASS" starttime="20210822 07:28:43.205" endtime="20210822 07:28:43.205"/>
</kw>
<kw name="Maximize Browser Window" library="Selenium2Library">
<doc>Maximizes current browser window.</doc>
<status status="PASS" starttime="20210822 07:28:43.205" endtime="20210822 07:28:43.339"/>
</kw>
<kw name="Wait Until Element Is Visible" library="Selenium2Library">
<arg>//button[contains(.,'LOGIN to SET MS Office 365')]</arg>
<doc>Waits until the element ``locator`` is visible.</doc>
<status status="PASS" starttime="20210822 07:28:43.339" endtime="20210822 07:28:43.418"/>
</kw>
<kw name="Click Element" library="Selenium2Library">
<arg>//button[contains(.,'LOGIN to SET MS Office 365')]</arg>
<doc>Click the element identified by ``locator``.</doc>
<msg timestamp="20210822 07:28:43.418" level="INFO">Clicking element '//button[contains(.,'LOGIN to SET MS Office 365')]'.</msg>
<status status="PASS" starttime="20210822 07:28:43.418" endtime="20210822 07:28:44.771"/>
</kw>
<kw name="Wait Until Element Is Visible" library="Selenium2Library">
<arg>//input[contains(@type,'email')]</arg>
<arg>30s</arg>
<doc>Waits until the element ``locator`` is visible.</doc>
<status status="PASS" starttime="20210822 07:28:44.771" endtime="20210822 07:28:45.416"/>
</kw>
<kw name="Input Text" library="Selenium2Library">
<arg>//input[contains(@type,'email')]</arg>
<arg>${user}</arg>
<doc>Types the given ``text`` into the text field identified by ``locator``.</doc>
<msg timestamp="20210822 07:28:45.418" level="INFO">Typing text 'outsource0850@set.or.th' into text field '//input[contains(@type,'email')]'.</msg>
<status status="PASS" starttime="20210822 07:28:45.417" endtime="20210822 07:28:45.687"/>
</kw>
<kw name="Click Element" library="Selenium2Library">
<arg>//input[contains(@value,'Next')]</arg>
<doc>Click the element identified by ``locator``.</doc>
<msg timestamp="20210822 07:28:45.688" level="INFO">Clicking element '//input[contains(@value,'Next')]'.</msg>
<status status="PASS" starttime="20210822 07:28:45.688" endtime="20210822 07:28:45.796"/>
</kw>
<kw name="Wait Until Element Is Visible" library="Selenium2Library">
<arg>//input[contains(@type,'password')]</arg>
<arg>30s</arg>
<doc>Waits until the element ``locator`` is visible.</doc>
<msg timestamp="20210822 07:28:46.497" level="INFO">Suppressing StaleElementReferenceException from Selenium.</msg>
<status status="PASS" starttime="20210822 07:28:45.796" endtime="20210822 07:28:46.725"/>
</kw>
<kw name="Input Text" library="Selenium2Library">
<arg>//input[contains(@type,'password')]</arg>
<arg>${password}</arg>
<doc>Types the given ``text`` into the text field identified by ``locator``.</doc>
<msg timestamp="20210822 07:28:46.726" level="INFO">Typing text 'Jame@456' into text field '//input[contains(@type,'password')]'.</msg>
<status status="PASS" starttime="20210822 07:28:46.725" endtime="20210822 07:28:46.786"/>
</kw>
<kw name="Click Element" library="Selenium2Library">
<arg>//input[contains(@value,'Sign in')]</arg>
<doc>Click the element identified by ``locator``.</doc>
<msg timestamp="20210822 07:28:46.786" level="INFO">Clicking element '//input[contains(@value,'Sign in')]'.</msg>
<status status="PASS" starttime="20210822 07:28:46.786" endtime="20210822 07:28:47.319"/>
</kw>
<kw name="Wait Until Element Is Visible" library="Selenium2Library">
<arg>//input[contains(@value,'Yes')]</arg>
<arg>30s</arg>
<doc>Waits until the element ``locator`` is visible.</doc>
<status status="PASS" starttime="20210822 07:28:47.319" endtime="20210822 07:28:47.890"/>
</kw>
<kw name="Run Keywords" library="BuiltIn">
<arg>Click Element</arg>
<arg>//input[contains(@value,'Yes')]</arg>
<arg>AND</arg>
<arg>Wait Loading screen Is Visible</arg>
<arg>AND</arg>
<arg>Wait Loading screen Not Visible</arg>
<doc>Executes all the given keywords in a sequence.</doc>
<kw name="Click Element" library="Selenium2Library">
<arg>//input[contains(@value,'Yes')]</arg>
<doc>Click the element identified by ``locator``.</doc>
<msg timestamp="20210822 07:28:47.895" level="INFO">Clicking element '//input[contains(@value,'Yes')]'.</msg>
<status status="PASS" starttime="20210822 07:28:47.894" endtime="20210822 07:28:49.236"/>
</kw>
<kw name="Wait Loading screen Is Visible" library="CommonFunction">
<kw name="Wait Until Element Is Visible" library="Selenium2Library">
<arg>//div[contains(@class,'ngx-foreground-spinner center-center')]</arg>
<arg>45s</arg>
<doc>Waits until the element ``locator`` is visible.</doc>
<status status="PASS" starttime="20210822 07:28:49.237" endtime="20210822 07:28:49.271"/>
</kw>
<status status="PASS" starttime="20210822 07:28:49.236" endtime="20210822 07:28:49.271"/>
</kw>
<kw name="Wait Loading screen Not Visible" library="CommonFunction">
<kw name="Wait Until Element Is Not Visible" library="Selenium2Library">
<arg>//div[contains(@class,'ngx-foreground-spinner center-center')]</arg>
<arg>45s</arg>
<doc>Waits until the element ``locator`` is not visible.</doc>
<status status="PASS" starttime="20210822 07:28:49.272" endtime="20210822 07:28:50.679"/>
</kw>
<status status="PASS" starttime="20210822 07:28:49.271" endtime="20210822 07:28:50.679"/>
</kw>
<status status="PASS" starttime="20210822 07:28:47.892" endtime="20210822 07:28:50.679"/>
</kw>
<kw name="Capture Page Screenshot" library="Selenium2Library">
<arg>${pathCapture}/screenshot-{index}.png</arg>
<doc>Takes a screenshot of the current page and embeds it into a log file.</doc>
<msg timestamp="20210822 07:28:50.964" level="INFO" html="true">&lt;/td&gt;&lt;/tr&gt;&lt;tr&gt;&lt;td colspan="3"&gt;&lt;a href="Result/screenshot-193.png"&gt;&lt;img src="Result/screenshot-193.png" width="800px"&gt;&lt;/a&gt;</msg>
<status status="PASS" starttime="20210822 07:28:50.679" endtime="20210822 07:28:50.979"/>
</kw>
<status status="PASS" starttime="20210822 07:28:41.056" endtime="20210822 07:28:50.979"/>
</kw>
<kw name="Open Excel Document" library="ExcelLibrary">
<arg>${ExcelName}</arg>
<arg>${excelPath}</arg>
<doc>Opens xlsx document file.</doc>
<status status="PASS" starttime="20210822 07:28:50.979" endtime="20210822 07:28:51.080"/>
</kw>
<kw name="Get Event :" library="Event">
<arg>Event</arg>
<arg>7</arg>
<arg>7</arg>
<kw name="Get Data Excel" library="CommonFunction">
<arg>${sheetExcel}</arg>
<arg>${rowStart}</arg>
<arg>${colStart}</arg>
<kw name="Read Excel Cell" library="ExcelLibrary">
<var>${value}</var>
<arg>${rowStart}</arg>
<arg>${colStart}</arg>
<arg>${sheetExcel}</arg>
<doc>Returns content of a cell.</doc>
<msg timestamp="20210822 07:28:51.090" level="INFO">${value} = BOT Test Thailand Focus-20210821142424</msg>
<status status="PASS" starttime="20210822 07:28:51.089" endtime="20210822 07:28:51.090"/>
</kw>
<kw name="Set Test Variable" library="BuiltIn">
<arg>${value}</arg>
<doc>Makes a variable available everywhere within the scope of the current test.</doc>
<msg timestamp="20210822 07:28:51.090" level="INFO">${value} = BOT Test Thailand Focus-20210821142424</msg>
<status status="PASS" starttime="20210822 07:28:51.090" endtime="20210822 07:28:51.090"/>
</kw>
<status status="PASS" starttime="20210822 07:28:51.089" endtime="20210822 07:28:51.090"/>
</kw>
<kw name="Run Keywords" library="BuiltIn">
<arg>Wait Until Element Is Enabled</arg>
<arg>//button[@class='btn btn-secondary'][contains(.,'ADD EVENT')]</arg>
<arg>AND</arg>
<arg>Wait Loading screen Not Visible</arg>
<doc>Executes all the given keywords in a sequence.</doc>
<kw name="Wait Until Element Is Enabled" library="Selenium2Library">
<arg>//button[@class='btn btn-secondary'][contains(.,'ADD EVENT')]</arg>
<doc>Waits until the element ``locator`` is enabled.</doc>
<status status="PASS" starttime="20210822 07:28:51.090" endtime="20210822 07:28:51.109"/>
</kw>
<kw name="Wait Loading screen Not Visible" library="CommonFunction">
<kw name="Wait Until Element Is Not Visible" library="Selenium2Library">
<arg>//div[contains(@class,'ngx-foreground-spinner center-center')]</arg>
<arg>45s</arg>
<doc>Waits until the element ``locator`` is not visible.</doc>
<status status="PASS" starttime="20210822 07:28:51.109" endtime="20210822 07:28:51.124"/>
</kw>
<status status="PASS" starttime="20210822 07:28:51.109" endtime="20210822 07:28:51.124"/>
</kw>
<status status="PASS" starttime="20210822 07:28:51.090" endtime="20210822 07:28:51.124"/>
</kw>
<kw name="Run Keywords" library="BuiltIn">
<arg>Click Element</arg>
<arg>//td[contains(.,'${value}')]</arg>
<arg>AND</arg>
<arg>Wait Loading screen Is Visible</arg>
<arg>AND</arg>
<arg>Wait Loading screen Not Visible</arg>
<doc>Executes all the given keywords in a sequence.</doc>
<kw name="Click Element" library="Selenium2Library">
<arg>//td[contains(.,'${value}')]</arg>
<doc>Click the element identified by ``locator``.</doc>
<msg timestamp="20210822 07:28:51.124" level="INFO">Clicking element '//td[contains(.,'BOT Test Thailand Focus-20210821142424')]'.</msg>
<status status="PASS" starttime="20210822 07:28:51.124" endtime="20210822 07:28:51.282"/>
</kw>
<kw name="Wait Loading screen Is Visible" library="CommonFunction">
<kw name="Wait Until Element Is Visible" library="Selenium2Library">
<arg>//div[contains(@class,'ngx-foreground-spinner center-center')]</arg>
<arg>45s</arg>
<doc>Waits until the element ``locator`` is visible.</doc>
<status status="PASS" starttime="20210822 07:28:51.283" endtime="20210822 07:28:51.304"/>
</kw>
<status status="PASS" starttime="20210822 07:28:51.282" endtime="20210822 07:28:51.305"/>
</kw>
<kw name="Wait Loading screen Not Visible" library="CommonFunction">
<kw name="Wait Until Element Is Not Visible" library="Selenium2Library">
<arg>//div[contains(@class,'ngx-foreground-spinner center-center')]</arg>
<arg>45s</arg>
<doc>Waits until the element ``locator`` is not visible.</doc>
<status status="PASS" starttime="20210822 07:28:51.305" endtime="20210822 07:28:52.871"/>
</kw>
<status status="PASS" starttime="20210822 07:28:51.305" endtime="20210822 07:28:52.871"/>
</kw>
<status status="PASS" starttime="20210822 07:28:51.124" endtime="20210822 07:28:52.871"/>
</kw>
<status status="PASS" starttime="20210822 07:28:51.080" endtime="20210822 07:28:52.871"/>
</kw>
<kw name="Select Menu :" library="CommonFunction">
<arg>${matchCompany}</arg>
<kw name="Run Keywords" library="BuiltIn">
<arg>Wait Until Page Contains Element</arg>
<arg>${Local}</arg>
<arg>30s</arg>
<arg>AND</arg>
<arg>Wait Loading screen Not Visible</arg>
<doc>Executes all the given keywords in a sequence.</doc>
<kw name="Wait Until Page Contains Element" library="Selenium2Library">
<arg>${Local}</arg>
<arg>30s</arg>
<doc>Waits until the element ``locator`` appears on the current page.</doc>
<status status="PASS" starttime="20210822 07:28:52.885" endtime="20210822 07:28:52.921"/>
</kw>
<kw name="Wait Loading screen Not Visible" library="CommonFunction">
<kw name="Wait Until Element Is Not Visible" library="Selenium2Library">
<arg>//div[contains(@class,'ngx-foreground-spinner center-center')]</arg>
<arg>45s</arg>
<doc>Waits until the element ``locator`` is not visible.</doc>
<status status="PASS" starttime="20210822 07:28:52.921" endtime="20210822 07:28:52.967"/>
</kw>
<status status="PASS" starttime="20210822 07:28:52.921" endtime="20210822 07:28:52.967"/>
</kw>
<status status="PASS" starttime="20210822 07:28:52.883" endtime="20210822 07:28:52.967"/>
</kw>
<kw name="Run Keywords" library="BuiltIn">
<arg>Click Element</arg>
<arg>${Local}</arg>
<arg>AND</arg>
<arg>Wait Loading screen Is Visible</arg>
<arg>AND</arg>
<arg>Wait Loading screen Not Visible</arg>
<doc>Executes all the given keywords in a sequence.</doc>
<kw name="Click Element" library="Selenium2Library">
<arg>${Local}</arg>
<doc>Click the element identified by ``locator``.</doc>
<msg timestamp="20210822 07:28:52.967" level="INFO">Clicking element '(//div[@class='mat-list-item-content'][contains(.,'Company')])[2]'.</msg>
<status status="PASS" starttime="20210822 07:28:52.967" endtime="20210822 07:28:53.047"/>
</kw>
<kw name="Wait Loading screen Is Visible" library="CommonFunction">
<kw name="Wait Until Element Is Visible" library="Selenium2Library">
<arg>//div[contains(@class,'ngx-foreground-spinner center-center')]</arg>
<arg>45s</arg>
<doc>Waits until the element ``locator`` is visible.</doc>
<status status="PASS" starttime="20210822 07:28:53.048" endtime="20210822 07:28:53.067"/>
</kw>
<status status="PASS" starttime="20210822 07:28:53.047" endtime="20210822 07:28:53.067"/>
</kw>
<kw name="Wait Loading screen Not Visible" library="CommonFunction">
<kw name="Wait Until Element Is Not Visible" library="Selenium2Library">
<arg>//div[contains(@class,'ngx-foreground-spinner center-center')]</arg>
<arg>45s</arg>
<doc>Waits until the element ``locator`` is not visible.</doc>
<status status="PASS" starttime="20210822 07:28:53.068" endtime="20210822 07:28:55.095"/>
</kw>
<status status="PASS" starttime="20210822 07:28:53.067" endtime="20210822 07:28:55.095"/>
</kw>
<status status="PASS" starttime="20210822 07:28:52.967" endtime="20210822 07:28:55.095"/>
</kw>
<status status="PASS" starttime="20210822 07:28:52.871" endtime="20210822 07:28:55.095"/>
</kw>
<kw name="Input Company Name :" library="CommonFunction">
<arg>Admin</arg>
<arg>94</arg>
<arg>6</arg>
<arg>${input_company}</arg>
<arg>${optionByLabel}</arg>
<kw name="Get Data Excel" library="CommonFunction">
<arg>${sheetExcel}</arg>
<arg>${rowStart}</arg>
<arg>${colStart}</arg>
<kw name="Read Excel Cell" library="ExcelLibrary">
<var>${value}</var>
<arg>${rowStart}</arg>
<arg>${colStart}</arg>
<arg>${sheetExcel}</arg>
<doc>Returns content of a cell.</doc>
<msg timestamp="20210822 07:28:55.112" level="INFO">${value} = (ACE) ABSOLUTE CLEAN ENERGY PUBLIC COMPANY LIMITED</msg>
<status status="PASS" starttime="20210822 07:28:55.112" endtime="20210822 07:28:55.112"/>
</kw>
<kw name="Set Test Variable" library="BuiltIn">
<arg>${value}</arg>
<doc>Makes a variable available everywhere within the scope of the current test.</doc>
<msg timestamp="20210822 07:28:55.112" level="INFO">${value} = (ACE) ABSOLUTE CLEAN ENERGY PUBLIC COMPANY LIMITED</msg>
<status status="PASS" starttime="20210822 07:28:55.112" endtime="20210822 07:28:55.112"/>
</kw>
<status status="PASS" starttime="20210822 07:28:55.111" endtime="20210822 07:28:55.112"/>
</kw>
<kw name="Input Text" library="Selenium2Library">
<arg>${loc_InputTxt}</arg>
<arg>${value}</arg>
<doc>Types the given ``text`` into the text field identified by ``locator``.</doc>
<msg timestamp="20210822 07:28:55.112" level="INFO">Typing text '(ACE) ABSOLUTE CLEAN ENERGY PUBLIC COMPANY LIMITED' into text field '(//input[contains(@role,'combobox')])[1]'.</msg>
<status status="PASS" starttime="20210822 07:28:55.112" endtime="20210822 07:28:55.568"/>
</kw>
<kw name="Wait Until Element Is Visible" library="Selenium2Library">
<arg>${loc_SelectOption}</arg>
<doc>Waits until the element ``locator`` is visible.</doc>
<status status="PASS" starttime="20210822 07:28:55.568" endtime="20210822 07:28:55.588"/>
</kw>
<kw name="Click Execute Javascript" library="CommonFunction">
<arg>${loc_SelectOption}</arg>
<kw name="Get WebElement" library="Selenium2Library">
<var>${ele}</var>
<arg>${xPath}</arg>
<doc>Returns the first WebElement matching the given ``locator``.</doc>
<msg timestamp="20210822 07:28:55.589" level="INFO">${ele} = &lt;selenium.webdriver.remote.webelement.WebElement (session="edfb7e44c31eb02f655d2709df787d1e", element="c8a45805-7763-40c9-a70e-4d2cdb5049e2")&gt;</msg>
<status status="PASS" starttime="20210822 07:28:55.589" endtime="20210822 07:28:55.589"/>
</kw>
<kw name="Execute Javascript" library="Selenium2Library">
<arg>arguments[0].click();</arg>
<arg>ARGUMENTS</arg>
<arg>${ele}</arg>
<doc>Executes the given JavaScript code with possible arguments.</doc>
<msg timestamp="20210822 07:28:55.589" level="INFO">Executing JavaScript:
arguments[0].click();
By using argument:
'&lt;selenium.webdriver.remote.webelement.WebElement (session="edfb7e44c31eb02f655d2709df787d1e", element="c8a45805-7763-40c9-a70e-4d2cdb5049e2")&gt;'</msg>
<status status="PASS" starttime="20210822 07:28:55.589" endtime="20210822 07:28:55.606"/>
</kw>
<status status="PASS" starttime="20210822 07:28:55.588" endtime="20210822 07:28:55.606"/>
</kw>
<kw name="Wait Loading screen Not Visible" library="CommonFunction">
<kw name="Wait Until Element Is Not Visible" library="Selenium2Library">
<arg>//div[contains(@class,'ngx-foreground-spinner center-center')]</arg>
<arg>45s</arg>
<doc>Waits until the element ``locator`` is not visible.</doc>
<status status="PASS" starttime="20210822 07:28:55.606" endtime="20210822 07:28:57.964"/>
</kw>
<status status="PASS" starttime="20210822 07:28:55.606" endtime="20210822 07:28:57.966"/>
</kw>
<status status="PASS" starttime="20210822 07:28:55.095" endtime="20210822 07:28:57.968"/>
</kw>
<kw name="Select side Investor" library="Adminaction">
<arg>${select_InvestorA}</arg>
<kw name="Run Keywords" library="BuiltIn">
<arg>Click Element :</arg>
<arg>//small[@class='text-muted'][contains(.,'${valueInvestor}')]</arg>
<arg>AND</arg>
<arg>Wait Loading screen Is Visible and Not Visible</arg>
<doc>Executes all the given keywords in a sequence.</doc>
<kw name="Click Element :" library="CommonFunction">
<arg>//small[@class='text-muted'][contains(.,'${valueInvestor}')]</arg>
<kw name="Wait Until Element Is Visible" library="Selenium2Library">
<arg>${Local}</arg>
<doc>Waits until the element ``locator`` is visible.</doc>
<status status="PASS" starttime="20210822 07:28:57.980" endtime="20210822 07:28:58.025"/>
</kw>
<kw name="Click Element" library="Selenium2Library">
<arg>${Local}</arg>
<doc>Click the element identified by ``locator``.</doc>
<msg timestamp="20210822 07:28:58.026" level="INFO">Clicking element '//small[@class='text-muted'][contains(.,'AIA Thailand')]'.</msg>
<status status="PASS" starttime="20210822 07:28:58.025" endtime="20210822 07:28:58.080"/>
</kw>
<status status="PASS" starttime="20210822 07:28:57.976" endtime="20210822 07:28:58.080"/>
</kw>
<kw name="Wait Loading screen Is Visible and Not Visible" library="CommonFunction">
<kw name="Wait Loading screen Is Visible" library="CommonFunction">
<kw name="Wait Until Element Is Visible" library="Selenium2Library">
<arg>//div[contains(@class,'ngx-foreground-spinner center-center')]</arg>
<arg>45s</arg>
<doc>Waits until the element ``locator`` is visible.</doc>
<status status="PASS" starttime="20210822 07:28:58.082" endtime="20210822 07:28:58.101"/>
</kw>
<status status="PASS" starttime="20210822 07:28:58.081" endtime="20210822 07:28:58.101"/>
</kw>
<kw name="Wait Loading screen Not Visible" library="CommonFunction">
<kw name="Wait Until Element Is Not Visible" library="Selenium2Library">
<arg>//div[contains(@class,'ngx-foreground-spinner center-center')]</arg>
<arg>45s</arg>
<doc>Waits until the element ``locator`` is not visible.</doc>
<status status="PASS" starttime="20210822 07:28:58.101" endtime="20210822 07:28:59.652"/>
</kw>
<status status="PASS" starttime="20210822 07:28:58.101" endtime="20210822 07:28:59.652"/>
</kw>
<status status="PASS" starttime="20210822 07:28:58.080" endtime="20210822 07:28:59.652"/>
</kw>
<status status="PASS" starttime="20210822 07:28:57.975" endtime="20210822 07:28:59.652"/>
</kw>
<status status="PASS" starttime="20210822 07:28:57.971" endtime="20210822 07:28:59.652"/>
</kw>
<kw name="Select slot time :" library="Adminaction">
<arg>Admin</arg>
<arg>97</arg>
<arg>6</arg>
<kw name="Get all data excel" library="CommonFunction">
<var>${list}</var>
<arg>${sheetExcel}</arg>
<arg>${rowStart}</arg>
<arg>${colStart}</arg>
<kw name="Create List" library="BuiltIn">
<var>@{list}</var>
<doc>Returns a list containing given items.</doc>
<msg timestamp="20210822 07:28:59.655" level="INFO">@{list} = [ ]</msg>
<status status="PASS" starttime="20210822 07:28:59.655" endtime="20210822 07:28:59.655"/>
</kw>
<kw name="Set Variable" library="BuiltIn">
<var>${rowStart}</var>
<arg>${rowStart}</arg>
<doc>Returns the given values which can then be assigned to a variables.</doc>
<msg timestamp="20210822 07:28:59.656" level="INFO">${rowStart} = 97</msg>
<status status="PASS" starttime="20210822 07:28:59.655" endtime="20210822 07:28:59.656"/>
</kw>
<for flavor="IN RANGE">
<var>${i}</var>
<value>999999</value>
<iter>
<var name="${i}">0</var>
<kw name="Read Excel Cell" library="ExcelLibrary">
<var>${value}</var>
<arg>${rowStart}</arg>
<arg>${colStart}</arg>
<arg>${sheetExcel}</arg>
<doc>Returns content of a cell.</doc>
<msg timestamp="20210822 07:28:59.673" level="INFO">${value} = 14:00 - 15:30</msg>
<status status="PASS" starttime="20210822 07:28:59.673" endtime="20210822 07:28:59.673"/>
</kw>
<kw name="Check None Value" library="sortcell">
<var>${isNone}</var>
<arg>${value}</arg>
<msg timestamp="20210822 07:28:59.674" level="INFO">${isNone} = False</msg>
<status status="PASS" starttime="20210822 07:28:59.674" endtime="20210822 07:28:59.674"/>
</kw>
<kw name="Exit For Loop If" library="BuiltIn">
<arg>${isNone}</arg>
<doc>Stops executing the enclosing for loop if the ``condition`` is true.</doc>
<status status="PASS" starttime="20210822 07:28:59.674" endtime="20210822 07:28:59.674"/>
</kw>
<kw name="Evaluate" library="BuiltIn">
<var>${rowStart}</var>
<arg>${rowStart} + 1</arg>
<doc>Evaluates the given expression in Python and returns the result.</doc>
<msg timestamp="20210822 07:28:59.674" level="INFO">${rowStart} = 98</msg>
<status status="PASS" starttime="20210822 07:28:59.674" endtime="20210822 07:28:59.674"/>
</kw>
<kw name="Append To List" library="Collections">
<arg>${list}</arg>
<arg>${value}</arg>
<doc>Adds ``values`` to the end of ``list``.</doc>
<status status="PASS" starttime="20210822 07:28:59.674" endtime="20210822 07:28:59.674"/>
</kw>
<status status="PASS" starttime="20210822 07:28:59.673" endtime="20210822 07:28:59.674"/>
</iter>
<iter>
<var name="${i}">1</var>
<kw name="Read Excel Cell" library="ExcelLibrary">
<var>${value}</var>
<arg>${rowStart}</arg>
<arg>${colStart}</arg>
<arg>${sheetExcel}</arg>
<doc>Returns content of a cell.</doc>
<msg timestamp="20210822 07:28:59.674" level="INFO">${value} = B201 / 10</msg>
<status status="PASS" starttime="20210822 07:28:59.674" endtime="20210822 07:28:59.674"/>
</kw>
<kw name="Check None Value" library="sortcell">
<var>${isNone}</var>
<arg>${value}</arg>
<msg timestamp="20210822 07:28:59.674" level="INFO">${isNone} = False</msg>
<status status="PASS" starttime="20210822 07:28:59.674" endtime="20210822 07:28:59.674"/>
</kw>
<kw name="Exit For Loop If" library="BuiltIn">
<arg>${isNone}</arg>
<doc>Stops executing the enclosing for loop if the ``condition`` is true.</doc>
<status status="PASS" starttime="20210822 07:28:59.674" endtime="20210822 07:28:59.674"/>
</kw>
<kw name="Evaluate" library="BuiltIn">
<var>${rowStart}</var>
<arg>${rowStart} + 1</arg>
<doc>Evaluates the given expression in Python and returns the result.</doc>
<msg timestamp="20210822 07:28:59.674" level="INFO">${rowStart} = 99</msg>
<status status="PASS" starttime="20210822 07:28:59.674" endtime="20210822 07:28:59.674"/>
</kw>
<kw name="Append To List" library="Collections">
<arg>${list}</arg>
<arg>${value}</arg>
<doc>Adds ``values`` to the end of ``list``.</doc>
<status status="PASS" starttime="20210822 07:28:59.674" endtime="20210822 07:28:59.674"/>
</kw>
<status status="PASS" starttime="20210822 07:28:59.674" endtime="20210822 07:28:59.674"/>
</iter>
<iter>
<var name="${i}">2</var>
<kw name="Read Excel Cell" library="ExcelLibrary">
<var>${value}</var>
<arg>${rowStart}</arg>
<arg>${colStart}</arg>
<arg>${sheetExcel}</arg>
<doc>Returns content of a cell.</doc>
<msg timestamp="20210822 07:28:59.674" level="INFO">${value} = No</msg>
<status status="PASS" starttime="20210822 07:28:59.674" endtime="20210822 07:28:59.674"/>
</kw>
<kw name="Check None Value" library="sortcell">
<var>${isNone}</var>
<arg>${value}</arg>
<msg timestamp="20210822 07:28:59.674" level="INFO">${isNone} = False</msg>
<status status="PASS" starttime="20210822 07:28:59.674" endtime="20210822 07:28:59.674"/>
</kw>
<kw name="Exit For Loop If" library="BuiltIn">
<arg>${isNone}</arg>
<doc>Stops executing the enclosing for loop if the ``condition`` is true.</doc>
<status status="PASS" starttime="20210822 07:28:59.674" endtime="20210822 07:28:59.674"/>
</kw>
<kw name="Evaluate" library="BuiltIn">
<var>${rowStart}</var>
<arg>${rowStart} + 1</arg>
<doc>Evaluates the given expression in Python and returns the result.</doc>
<msg timestamp="20210822 07:28:59.674" level="INFO">${rowStart} = 100</msg>
<status status="PASS" starttime="20210822 07:28:59.674" endtime="20210822 07:28:59.674"/>
</kw>
<kw name="Append To List" library="Collections">
<arg>${list}</arg>
<arg>${value}</arg>
<doc>Adds ``values`` to the end of ``list``.</doc>
<status status="PASS" starttime="20210822 07:28:59.674" endtime="20210822 07:28:59.674"/>
</kw>
<status status="PASS" starttime="20210822 07:28:59.674" endtime="20210822 07:28:59.674"/>
</iter>
<iter>
<var name="${i}">3</var>
<kw name="Read Excel Cell" library="ExcelLibrary">
<var>${value}</var>
<arg>${rowStart}</arg>
<arg>${colStart}</arg>
<arg>${sheetExcel}</arg>
<doc>Returns content of a cell.</doc>
<msg timestamp="20210822 07:28:59.674" level="INFO">${value} = None</msg>
<status status="PASS" starttime="20210822 07:28:59.674" endtime="20210822 07:28:59.674"/>
</kw>
<kw name="Check None Value" library="sortcell">
<var>${isNone}</var>
<arg>${value}</arg>
<msg timestamp="20210822 07:28:59.674" level="INFO">${isNone} = True</msg>
<status status="PASS" starttime="20210822 07:28:59.674" endtime="20210822 07:28:59.674"/>
</kw>
<kw name="Exit For Loop If" library="BuiltIn">
<arg>${isNone}</arg>
<doc>Stops executing the enclosing for loop if the ``condition`` is true.</doc>
<msg timestamp="20210822 07:28:59.674" level="INFO">Exiting for loop altogether.</msg>
<status status="PASS" starttime="20210822 07:28:59.674" endtime="20210822 07:28:59.674"/>
</kw>
<status status="PASS" starttime="20210822 07:28:59.674" endtime="20210822 07:28:59.674"/>
</iter>
<status status="PASS" starttime="20210822 07:28:59.656" endtime="20210822 07:28:59.690"/>
</for>
<kw name="Log" library="BuiltIn">
<arg>${list}</arg>
<doc>Logs the given message with the given level.</doc>
<msg timestamp="20210822 07:28:59.690" level="INFO">['14:00 - 15:30', 'B201 / 10', 'No']</msg>
<status status="PASS" starttime="20210822 07:28:59.690" endtime="20210822 07:28:59.690"/>
</kw>
<msg timestamp="20210822 07:28:59.690" level="INFO">${list} = ['14:00 - 15:30', 'B201 / 10', 'No']</msg>
<status status="PASS" starttime="20210822 07:28:59.652" endtime="20210822 07:28:59.690"/>
</kw>
<kw name="Click Element :" library="CommonFunction">
<arg>${slotTime_3point}</arg>
<kw name="Wait Until Element Is Visible" library="Selenium2Library">
<arg>${Local}</arg>
<doc>Waits until the element ``locator`` is visible.</doc>
<status status="PASS" starttime="20210822 07:28:59.690" endtime="20210822 07:28:59.706"/>
</kw>
<kw name="Click Element" library="Selenium2Library">
<arg>${Local}</arg>
<doc>Click the element identified by ``locator``.</doc>
<msg timestamp="20210822 07:28:59.706" level="INFO">Clicking element '//button[contains(@aria-haspopup,'true')]'.</msg>
<status status="PASS" starttime="20210822 07:28:59.706" endtime="20210822 07:28:59.758"/>
</kw>
<status status="PASS" starttime="20210822 07:28:59.690" endtime="20210822 07:28:59.758"/>
</kw>
<kw name="Run Keywords" library="BuiltIn">
<arg>Click Element :</arg>
<arg>//a[@class='dropdown-item'][contains(.,'${list[${0}]}')]</arg>
<arg>AND</arg>
<arg>Wait Loading screen Is Visible and Not Visible</arg>
<doc>Executes all the given keywords in a sequence.</doc>
<kw name="Click Element :" library="CommonFunction">
<arg>//a[@class='dropdown-item'][contains(.,'${list[${0}]}')]</arg>
<kw name="Wait Until Element Is Visible" library="Selenium2Library">
<arg>${Local}</arg>
<doc>Waits until the element ``locator`` is visible.</doc>
<status status="PASS" starttime="20210822 07:28:59.762" endtime="20210822 07:28:59.783"/>
</kw>
<kw name="Click Element" library="Selenium2Library">
<arg>${Local}</arg>
<doc>Click the element identified by ``locator``.</doc>
<msg timestamp="20210822 07:28:59.783" level="INFO">Clicking element '//a[@class='dropdown-item'][contains(.,'14:00 - 15:30')]'.</msg>
<status status="PASS" starttime="20210822 07:28:59.783" endtime="20210822 07:28:59.829"/>
</kw>
<status status="PASS" starttime="20210822 07:28:59.759" endtime="20210822 07:28:59.829"/>
</kw>
<kw name="Wait Loading screen Is Visible and Not Visible" library="CommonFunction">
<kw name="Wait Loading screen Is Visible" library="CommonFunction">
<kw name="Wait Until Element Is Visible" library="Selenium2Library">
<arg>//div[contains(@class,'ngx-foreground-spinner center-center')]</arg>
<arg>45s</arg>
<doc>Waits until the element ``locator`` is visible.</doc>
<status status="PASS" starttime="20210822 07:28:59.830" endtime="20210822 07:28:59.849"/>
</kw>
<status status="PASS" starttime="20210822 07:28:59.830" endtime="20210822 07:28:59.849"/>
</kw>
<kw name="Wait Loading screen Not Visible" library="CommonFunction">
<kw name="Wait Until Element Is Not Visible" library="Selenium2Library">
<arg>//div[contains(@class,'ngx-foreground-spinner center-center')]</arg>
<arg>45s</arg>
<doc>Waits until the element ``locator`` is not visible.</doc>
<status status="PASS" starttime="20210822 07:28:59.850" endtime="20210822 07:29:02.125"/>
</kw>
<status status="PASS" starttime="20210822 07:28:59.849" endtime="20210822 07:29:02.125"/>
</kw>
<status status="PASS" starttime="20210822 07:28:59.829" endtime="20210822 07:29:02.125"/>
</kw>
<status status="PASS" starttime="20210822 07:28:59.758" endtime="20210822 07:29:02.125"/>
</kw>
<status status="PASS" starttime="20210822 07:28:59.652" endtime="20210822 07:29:02.125"/>
</kw>
<doc>Admin Matching By Company 

- Add From side Invastor 
</doc>
<tag>Admin Matching</tag>
<status status="PASS" starttime="20210822 07:28:41.055" endtime="20210822 07:29:02.125"/>
</test>
<doc>*Create Date* : 01 Apr 2021
*Last update date* : 21082021</doc>
<status status="PASS" starttime="20210822 07:28:39.369" endtime="20210822 07:29:02.139"/>
</suite>
<statistics>
<total>
<stat pass="1" fail="0" skip="0">All Tests</stat>
</total>
<tag>
<stat pass="1" fail="0" skip="0">Admin Matching</stat>
</tag>
<suite>
<stat pass="1" fail="0" skip="0" id="s1" name="ThailandFocus">ThailandFocus</stat>
</suite>
</statistics>
<errors>
<msg timestamp="20210822 07:28:40.702" level="ERROR">Error in file 'D:\work_SET\ThailandFocus\Automate\ThailandFocus\Resource\Setting.robot' on line 33: Setting 'Return' is allowed only once. Only the first value is used.</msg>
<msg timestamp="20210822 07:28:40.718" level="WARN">Imported resource file 'D:\work_SET\ThailandFocus\Automate\ThailandFocus\Resource\Approve.robot' is empty.</msg>
</errors>
</robot>
